1)privat 434056729362169857
2)bot-commands 433267590937444364
3)??--игруля--?? 432955061849817088
4)заказы 432573804330352640
5)викторина 435164694504931329
6)pineapple-coockie-log 43568779755939430
------
mat_list is ready.
------
---------[command]:daily_cookie
Logged in as
Tomori
436630342821216256
------
<243749885294280704>[Ананасовая Печенюха|282660110545846272]>ping
---------[command]:!ping
<243749885294280704>[Tomori|436630342821216256]:sparkles:Туточки:sparkles:
<429211434128506880>[Ананасовая Печенюха|282660110545846272]
<429211434128506880>[Ананасовая Печенюха|282660110545846272]внезапно)))
<243749885294280704>[Ананасовая Печенюха|282660110545846272]>help
---------[command]:!help
<243749885294280704>[Tomori|436630342821216256]```css
[Pineapple Cookie help]

<Cookie>
>daily - Получить часовую порцию печенюх.
>cookie / >me - Узнать свой баланс печенюх.
>roll <ставка> - Поставить печенюхи на рулетке.
>give <кому> <сколько> - Поделиться печенюхами с другом.
>rank - Посмотреть на обжор.

<Events>
>reg - Регистрация для участия в ивентах. Выдает соответствующую роль.

<Waifu>
>get2d <кто> <цена> - Приобрести или выкупить вайфу.
>2d - Список вайфу.

<Fun>
>say <текст> - Напишет ваше сообщение.
>stroke <кого> - Погладить кого-то. [20 печенюх]
>fs - Покрутить пальчиками. [15 печенюх]
>hi - Поприветствует всех от вашего имени.
>gm - Охайё, т.е доброе утро)).

<Help>
>help - Вызов этой справки.
>ping - Сомневаешься в том, что он жив???
>report <текст> - Отправить сообщение разработчику. Баги, пожелания, предложения руки и сердца кидать сюда-ня.
```
<243749885294280704>[Ананасовая Печенюха|282660110545846272]>daily
---------[command]:!daily
<243749885294280704>[Tomori|436630342821216256]<@282660110545846272>, держи 100:cookie:!
<429211434128506880>[Ананасовая Печенюха|282660110545846272]>2d
---------[command]:!2d
<429211434128506880>[Tomori|436630342821216256]
<429211434128506880>[Ананасовая Печенюха|282660110545846272]>help
---------[command]:!help
<429211434128506880>[Tomori|436630342821216256]```css
[Pineapple Cookie help]

<Cookie>
>daily - Получить часовую порцию печенюх.
>cookie / >me - Узнать свой баланс печенюх.
>roll <ставка> - Поставить печенюхи на рулетке.
>give <кому> <сколько> - Поделиться печенюхами с другом.
>rank - Посмотреть на обжор.

<Events>
>reg - Регистрация для участия в ивентах. Выдает соответствующую роль.

<Waifu>
>get2d <кто> <цена> - Приобрести или выкупить вайфу.
>2d - Список вайфу.

<Fun>
>say <текст> - Напишет ваше сообщение.
>stroke <кого> - Погладить кого-то. [20 печенюх]
>fs - Покрутить пальчиками. [15 печенюх]
>hi - Поприветствует всех от вашего имени.
>gm - Охайё, т.е доброе утро)).

<Help>
>help - Вызов этой справки.
>ping - Сомневаешься в том, что он жив???
>report <текст> - Отправить сообщение разработчику. Баги, пожелания, предложения руки и сердца кидать сюда-ня.
```
---------[command]:daily_cookie
---------[command]:daily_cookie
<243749885294280704>[ϻιѕȶɘrιø〰|397757028069539843]<reg
<243749885294280704>[ϻιѕȶɘrιø〰|397757028069539843]>reg
<243749885294280704>[ϻιѕȶɘrιø〰|397757028069539843]Скиньте что нибудь, пожалуйста
<243749885294280704>[ϻιѕȶɘrιø〰|397757028069539843];;play libera me
<243749885294280704>[FredBoat♪♪|184405311681986560]You must join a voice channel first.
<243749885294280704>[RaZ_Do_oR|344359878153994241]
<243749885294280704>[RaZ_Do_oR|344359878153994241]
<243749885294280704>[ϻιѕȶɘrιø〰|397757028069539843];;play libera me
<243749885294280704>[FredBoat♪♪|184405311681986560]You must join a voice channel first.
<243749885294280704>[ϻιѕȶɘrιø〰|397757028069539843]1
<243749885294280704>[RaZ_Do_oR|344359878153994241]
<243749885294280704>[ϻιѕȶɘrιø〰|397757028069539843]Черт, как им пользоваться
<243749885294280704>[RaZ_Do_oR|344359878153994241]
<243749885294280704>[RaZ_Do_oR|344359878153994241]
<243749885294280704>[RaZ_Do_oR|344359878153994241]
<243749885294280704>[RaZ_Do_oR|344359878153994241]
<243749885294280704>[RaZ_Do_oR|344359878153994241]
<243749885294280704>[RaZ_Do_oR|344359878153994241]
<243749885294280704>[ϻιѕȶɘrιø〰|397757028069539843]<@344359878153994241> наконец, хоть чтотон
<243749885294280704>[RaZ_Do_oR|344359878153994241]<@397757028069539843> бот сломался :с
<243749885294280704>[RaZ_Do_oR|344359878153994241]>reg
<243749885294280704>[RaZ_Do_oR|344359878153994241]Ээхх
<243749885294280704>[RaZ_Do_oR|344359878153994241]кусь <@397757028069539843>
<243749885294280704>[Tomori|436630342821216256]
<243749885294280704>[RaZ_Do_oR|344359878153994241]>daily
---------[command]:!daily
<243749885294280704>[Tomori|436630342821216256]<@344359878153994241>, держи 100:cookie:!
<243749885294280704>[✨ Soya Jones ✨|175571075931963393];;play
<243749885294280704>[FredBoat♪♪|184405311681986560]You must join a voice channel first.
<243749885294280704>[✨ Soya Jones ✨|175571075931963393];;play block b
<243749885294280704>[FredBoat♪♪|184405311681986560]You must join a voice channel first.
<243749885294280704>[✨ Soya Jones ✨|175571075931963393];; play 1
<243749885294280704>[FredBoat♪♪|184405311681986560]You must join a voice channel first.
<243749885294280704>[✨ Soya Jones ✨|175571075931963393]Вот так вот <@397757028069539843>
<243749885294280704>[✨ Soya Jones ✨|175571075931963393]В закреплённых есть
<243749885294280704>[ϻιѕȶɘrιø〰|397757028069539843]<@175571075931963393> ну спасибки, покровительница
---------[command]:daily_cookie
<243749885294280704>[Ананасовая Печенюха|282660110545846272]Регистрация закрыта
<243749885294280704>[Ананасовая Печенюха|282660110545846272]Открыть?
<243749885294280704>[Ананасовая Печенюха|282660110545846272]>event
---------[command]:!event
<243749885294280704>[Ананасовая Печенюха|282660110545846272]>reg
---------[command]:!reg
<243749885294280704>[Tomori|436630342821216256]<@282660110545846272>, зарегистрирован.
<243749885294280704>[Ананасовая Печенюха|282660110545846272]Анонс новый нужен тогда. <@344359878153994241>
<243749885294280704>[Ананасовая Печенюха|282660110545846272]>daily
---------[command]:!daily
<243749885294280704>[Tomori|436630342821216256]<@282660110545846272>, держи 100:cookie:!
<243749885294280704>[Ананасовая Печенюха|282660110545846272]<@397757028069539843> регайся. Открыл регистрацию
<243749885294280704>[ϻιѕȶɘrιø〰|397757028069539843]>reg
---------[command]:!reg
<243749885294280704>[Tomori|436630342821216256]<@397757028069539843>, зарегистрирован.
<243749885294280704>[Ананасовая Печенюха|282660110545846272]>report me
---------[command]:!report
<243749885294280704>[✨ Soya Jones ✨|175571075931963393]<@397757028069539843> я что-то не то сказала?(
<243749885294280704>[✨ Soya Jones ✨|175571075931963393]Меня уже купили?
<243749885294280704>[✨ Soya Jones ✨|175571075931963393]Ого
<243749885294280704>[Ананасовая Печенюха|282660110545846272]Кто тут мою вайфу обижает??
<243749885294280704>[Ананасовая Печенюха|282660110545846272]>2d
---------[command]:!2d
<243749885294280704>[Tomori|436630342821216256]
<243749885294280704>[Ананасовая Печенюха|282660110545846272]>me
---------[command]:!cookie
<243749885294280704>[Tomori|436630342821216256]<@282660110545846272>, у тебя 200:cookie:!
<243749885294280704>[Ананасовая Печенюха|282660110545846272]>daily
---------[command]:!daily
<243749885294280704>[Tomori|436630342821216256]<@282660110545846272>, вы уже получили печенюхи)
<243749885294280704>[Ананасовая Печенюха|282660110545846272]Ля, я понял. Надо не дейли, а таймли
<243749885294280704>[Ананасовая Печенюха|282660110545846272]Или типа того
<243749885294280704>[Ананасовая Печенюха|282660110545846272]Раз в час жэ
<243749885294280704>[Ананасовая Печенюха|282660110545846272]>2d
---------[command]:!2d
<243749885294280704>[Tomori|436630342821216256]
<243749885294280704>[Ананасовая Печенюха|282660110545846272]Ну походу))))
<243749885294280704>[Ананасовая Печенюха|282660110545846272]Пока пусть так будет
<243749885294280704>[Ананасовая Печенюха|282660110545846272]Да и не оч будет, если список пустой будет
<243749885294280704>[Ананасовая Печенюха|282660110545846272]>me
---------[command]:!cookie
<243749885294280704>[Tomori|436630342821216256]<@282660110545846272>, у тебя 200:cookie:!
<243749885294280704>[Ананасовая Печенюха|282660110545846272]>get2d <@397757028069539843> 100
---------[command]:!get2d
<243749885294280704>[Tomori|436630342821216256]<@282660110545846272> купил <@397757028069539843> за 100
<243749885294280704>[Ананасовая Печенюха|282660110545846272]>get2d <@344359878153994241> 100
---------[command]:!get2d
<243749885294280704>[Tomori|436630342821216256]<@282660110545846272> купил <@344359878153994241> за 100
<243749885294280704>[Ананасовая Печенюха|282660110545846272]>2d
---------[command]:!2d
<243749885294280704>[Tomori|436630342821216256]
<243749885294280704>[Ананасовая Печенюха|282660110545846272]Жестко
<243749885294280704>[Ананасовая Печенюха|282660110545846272]Минус деньги
<243749885294280704>[Ананасовая Печенюха|282660110545846272]Ля
<243749885294280704>[Ананасовая Печенюха|282660110545846272]Вот я бака
<243749885294280704>[Ананасовая Печенюха|282660110545846272]Я не добавил проверку, что покупка самого себя идет
<243749885294280704>[Ананасовая Печенюха|282660110545846272]Тогда это будет фичей))
<243749885294280704>[Ананасовая Печенюха|282660110545846272]Да
<243749885294280704>[Ананасовая Печенюха|282660110545846272]Нормас
<243749885294280704>[Ананасовая Печенюха|282660110545846272]Себя выкупить
<243749885294280704>[Ананасовая Печенюха|282660110545846272]Чтоб стать настоящим хиккой
<243749885294280704>[ϻιѕȶɘrιø〰|397757028069539843]Втф, ты что творишь, ты нас как рабов выкупил
<243749885294280704>[ϻιѕȶɘrιø〰|397757028069539843]<@282660110545846272>
<243749885294280704>[ϻιѕȶɘrιø〰|397757028069539843]<:tachi_happi:433579811374628884> 😂
<243749885294280704>[ϻιѕȶɘrιø〰|397757028069539843]Это жестко братан <@282660110545846272>
<243749885294280704>[Ананасовая Печенюха|282660110545846272]Можешь перекупить себя))
<243749885294280704>[Ананасовая Печенюха|282660110545846272]Два часа и выкупил
<243749885294280704>[Ананасовая Печенюха|282660110545846272]Или трайнуть рулетку и поднять больше 100 печенюх
<243749885294280704>[✨ Soya Jones ✨|175571075931963393]<daily
<243749885294280704>[Miki|160105994217586689]
<243749885294280704>[✨ Soya Jones ✨|175571075931963393]>daily
---------[command]:!daily
<243749885294280704>[Tomori|436630342821216256]<@175571075931963393>, держи 100:cookie:!
<243749885294280704>[ϻιѕȶɘrιø〰|397757028069539843]<@175571075931963393> все так, я наслаждаюсь
<243749885294280704>[✨ Soya Jones ✨|175571075931963393]Ура)
<243749885294280704>[ϻιѕȶɘrιø〰|397757028069539843]<@175571075931963393> <:Woww:433579849215508482>
<243749885294280704>[✨ Soya Jones ✨|175571075931963393]<@397757028069539843> <:RamKiss:431519046522109958>
<243749885294280704>[ϻιѕȶɘrιø〰|397757028069539843]<:PoiGasm:433579560412643341>
<243749885294280704>[ϻιѕȶɘrιø〰|397757028069539843]>help
---------[command]:!help
<243749885294280704>[Tomori|436630342821216256]```css
[Pineapple Cookie help]

<Cookie>
>daily - Получить часовую порцию печенюх.
>cookie / >me - Узнать свой баланс печенюх.
>roll <ставка> - Поставить печенюхи на рулетке.
>give <кому> <сколько> - Поделиться печенюхами с другом.
>rank - Посмотреть на обжор.

<Events>
>reg - Регистрация для участия в ивентах. Выдает соответствующую роль.

<Waifu>
>get2d <кто> <цена> - Приобрести или выкупить вайфу.
>2d - Список вайфу.

<Fun>
>say <текст> - Напишет ваше сообщение.
>stroke <кого> - Погладить кого-то. [20 печенюх]
>fs - Покрутить пальчиками. [15 печенюх]
>hi - Поприветствует всех от вашего имени.
>gm - Охайё, т.е доброе утро)).

<Help>
>help - Вызов этой справки.
>ping - Сомневаешься в том, что он жив???
>report <текст> - Отправить сообщение разработчику. Баги, пожелания, предложения руки и сердца кидать сюда-ня.
```
<243749885294280704>[ϻιѕȶɘrιø〰|397757028069539843]>daily
---------[command]:!daily
<243749885294280704>[Tomori|436630342821216256]<@397757028069539843>, держи 100:cookie:!
<243749885294280704>[Ананасовая Печенюха|282660110545846272]>me
---------[command]:!cookie
<243749885294280704>[Tomori|436630342821216256]<@282660110545846272>, у тебя 0:cookie:!
<243749885294280704>[Ананасовая Печенюха|282660110545846272]>rank
---------[command]:!rank
<243749885294280704>[Tomori|436630342821216256]
<243749885294280704>[Ананасовая Печенюха|282660110545846272]Оппа
<243749885294280704>[Ананасовая Печенюха|282660110545846272]Интересно
<243749885294280704>[ϻιѕȶɘrιø〰|397757028069539843]>cookie
---------[command]:!cookie
<243749885294280704>[Tomori|436630342821216256]<@397757028069539843>, у тебя 100:cookie:!
<243749885294280704>[Ананасовая Печенюха|282660110545846272]Позже пофикшу табличку
<243749885294280704>[Ананасовая Печенюха|282660110545846272]>update
---------[command]:!update
<243749885294280704>[Tomori|436630342821216256]Обновлено из файлов.
<243749885294280704>[ϻιѕȶɘrιø〰|397757028069539843]>me
---------[command]:!cookie
<243749885294280704>[Tomori|436630342821216256]<@397757028069539843>, у тебя 100:cookie:!
<243749885294280704>[Ананасовая Печенюха|282660110545846272]>rank1)privat 434056729362169857
2)bot-commands 433267590937444364
3)??--игруля--?? 432955061849817088
4)заказы 432573804330352640
5)викторина 435164694504931329
6)pineapple-coockie-log 43568779755939430
------
1)282660110545846272
mat_list is ready.
------
---------[command]:daily_cookie
Logged in as
Tomori
436630342821216256
------
<243749885294280704>[Ананасовая Печенюха|282660110545846272]>ping
---------[command]:!ping
<243749885294280704>[Tomori|436630342821216256]:sparkles:Туточки:sparkles:
<243749885294280704>[Ананасовая Печенюха|282660110545846272]>rank
---------[command]:!rank
<243749885294280704>[Tomori|436630342821216256]
<429211434128506880>[Ананасовая Печенюха|282660110545846272]<profile <@175571075931963393>
<429211434128506880>[Ананасовая Печенюха|282660110545846272]<profile
<243749885294280704>[Ананасовая Печенюха|282660110545846272]<profile <@175571075931963393>
<243749885294280704>[Miki|160105994217586689]
<243749885294280704>[Ананасовая Печенюха|282660110545846272]>2d
---------[command]:!2d
<243749885294280704>[Tomori|436630342821216256]
<429211434128506880>[Ананасовая Печенюха|282660110545846272]>rules
<429211434128506880>[Tomori|436630342821216256]
<429211434128506880>[Ананасовая Печенюха|282660110545846272]>rules
<429211434128506880>[Tomori|436630342821216256]
<243749885294280704>[Ананасовая Печенюха|282660110545846272]https://www.youtube.com/watch?v=iYTVF0GeNLE
<429211434128506880>[Ананасовая Печенюха|282660110545846272]офигенно))
<429211434128506880>[Ананасовая Печенюха|282660110545846272]теперь я еще немецкий учу
<429211434128506880>[Ананасовая Печенюха|282660110545846272]видимо
<243749885294280704>[Ананасовая Печенюха|282660110545846272]>say <@282660110545846272> ушел спать пару часов
---------[command]:!say
<243749885294280704>[Tomori|436630342821216256]<@282660110545846272> ушел спать пару часов
---------[command]:daily_cookie
<243749885294280704>[[sh]|265474107666202634]>timely
<243749885294280704>[[sh]|265474107666202634]>daily
---------[command]:!daily
<243749885294280704>[Tomori|436630342821216256]<@265474107666202634>, держи 100:cookie:!
<243749885294280704>[Shark1ns|201666361926221824]>daily
---------[command]:!daily
<243749885294280704>[Tomori|436630342821216256]<@201666361926221824>, держи 100:cookie:!
<243749885294280704>[Shark1ns|201666361926221824]<daily
<243749885294280704>[Miki|160105994217586689]
<243749885294280704>[Shark1ns|201666361926221824]<reg
<243749885294280704>[Shark1ns|201666361926221824]>reg
<243749885294280704>[Shark1ns|201666361926221824]<:35063:361407470637285376>
<243749885294280704>[✨ Soya Jones ✨|175571075931963393]<daily
<243749885294280704>[Miki|160105994217586689]
<243749885294280704>[✨ Soya Jones ✨|175571075931963393]>daily
---------[command]:!daily
<243749885294280704>[Tomori|436630342821216256]<@175571075931963393>, держи 100:cookie:!
<429211434128506880>[[sh]|265474107666202634]>fs - Покрутить пальчиками. [15 печенюх]
<429211434128506880>[[sh]|265474107666202634]ТЫ сделал ее платной
<429211434128506880>[[sh]|265474107666202634]какой ты алчный
<429211434128506880>[[sh]|265474107666202634]!
<429211434128506880>[[sh]|265474107666202634]XD
<243749885294280704>[[sh]|265474107666202634]>reg
<243749885294280704>[[sh]|265474107666202634]🔪
<243749885294280704>[[sh]|265474107666202634]Печенька где моя регистрация?
<243749885294280704>[[sh]|265474107666202634]!roll 100
<243749885294280704>[[sh]|265474107666202634]>roll 100
---------[command]:!roll
<243749885294280704>[Tomori|436630342821216256]<@265474107666202634>, ты проиграл 100:cookie:
<243749885294280704>[[sh]|265474107666202634]>me
---------[command]:!cookie
<243749885294280704>[Tomori|436630342821216256]<@265474107666202634>, у тебя 41:cookie:!
<243749885294280704>[[sh]|265474107666202634]>roll 41
---------[command]:!roll
<243749885294280704>[Tomori|436630342821216256]<@265474107666202634>, ты проиграл 41:cookie:
---------[command]:daily_cookie
<243749885294280704>[RaZ_Do_oR|344359878153994241]>reg
<243749885294280704>[RaZ_Do_oR|344359878153994241]>reg
<243749885294280704>[RaZ_Do_oR|344359878153994241]>reg
<243749885294280704>[RaZ_Do_oR|344359878153994241]>reg
<243749885294280704>[RaZ_Do_oR|344359878153994241]>reg
<243749885294280704>[RaZ_Do_oR|344359878153994241]>reg
<243749885294280704>[RaZ_Do_oR|344359878153994241]>reg
<243749885294280704>[RaZ_Do_oR|344359878153994241]>reg
<243749885294280704>[RaZ_Do_oR|344359878153994241]>reg
<243749885294280704>[RaZ_Do_oR|344359878153994241]>reg
<243749885294280704>[RaZ_Do_oR|344359878153994241]>reg
<243749885294280704>[RaZ_Do_oR|344359878153994241]>reg
<243749885294280704>[RaZ_Do_oR|344359878153994241]>reg
<243749885294280704>[RaZ_Do_oR|344359878153994241]>reg
<243749885294280704>[RaZ_Do_oR|344359878153994241]>reg
<243749885294280704>[RaZ_Do_oR|344359878153994241]>reg
<243749885294280704>[RaZ_Do_oR|344359878153994241]>reg
<243749885294280704>[RaZ_Do_oR|344359878153994241]>reg
<243749885294280704>[RaZ_Do_oR|344359878153994241]>reg
<243749885294280704>[RaZ_Do_oR|344359878153994241]>reg
<243749885294280704>[RaZ_Do_oR|344359878153994241]>reg
<243749885294280704>[RaZ_Do_oR|344359878153994241]>reg
<243749885294280704>[RaZ_Do_oR|344359878153994241]>reg
<243749885294280704>[RaZ_Do_oR|344359878153994241]>reg
<243749885294280704>[RaZ_Do_oR|344359878153994241]>reg
<243749885294280704>[RaZ_Do_oR|344359878153994241]>reg
<243749885294280704>[RaZ_Do_oR|344359878153994241]>reg
---------[command]:daily_cookie
<243749885294280704>[ϻιѕȶɘrιø〰|397757028069539843]Втф
<243749885294280704>[ϻιѕȶɘrιø〰|397757028069539843]Немецкий?
<243749885294280704>[ϻιѕȶɘrιø〰|397757028069539843]>daily
---------[command]:!daily
<243749885294280704>[Tomori|436630342821216256]<@397757028069539843>, держи 100:cookie:!
<243749885294280704>[ϻιѕȶɘrιø〰|397757028069539843]<@344359878153994241> ты чего разошелся?
<243749885294280704>[RaZ_Do_oR|344359878153994241]Кусь <@201666361926221824>
<243749885294280704>[Tomori|436630342821216256]
<243749885294280704>[Shark1ns|201666361926221824]!hug <@344359878153994241>
<243749885294280704>[Shark1ns|201666361926221824]<a:spinthink:423409840820584459>
<243749885294280704>[Shark1ns|201666361926221824]>hug
<243749885294280704>[Shark1ns|201666361926221824]<hug
<243749885294280704>[Miki|160105994217586689]
<243749885294280704>[Shark1ns|201666361926221824]<hug <@344359878153994241>
<243749885294280704>[Miki|160105994217586689]
<243749885294280704>[Shark1ns|201666361926221824]!daily
<243749885294280704>[RaZ_Do_oR|344359878153994241]<kiss <@201666361926221824>
<243749885294280704>[Miki|160105994217586689]
<243749885294280704>[Shark1ns|201666361926221824]<daily
<243749885294280704>[Miki|160105994217586689]
<243749885294280704>[Shark1ns|201666361926221824]>daily
---------[command]:!daily
<243749885294280704>[Tomori|436630342821216256]<@201666361926221824>, держи 100:cookie:!
<243749885294280704>[Shark1ns|201666361926221824]<:35063:361407470637285376>
<243749885294280704>[Shark1ns|201666361926221824]пока запомнишь все эти тыги
<243749885294280704>[RaZ_Do_oR|344359878153994241]Ahaha++++
<243749885294280704>[RaZ_Do_oR|344359878153994241]Кусь <@201666361926221824>
<243749885294280704>[Tomori|436630342821216256]
<243749885294280704>[RaZ_Do_oR|344359878153994241]Кусь <@201666361926221824>
<243749885294280704>[Tomori|436630342821216256]
<243749885294280704>[RaZ_Do_oR|344359878153994241]Кусь <@201666361926221824>
<243749885294280704>[Tomori|436630342821216256]
<243749885294280704>[Shark1ns|201666361926221824]<a:angeryping:423409840887693313>
<243749885294280704>[RaZ_Do_oR|344359878153994241]:с
<243749885294280704>[RaZ_Do_oR|344359878153994241]кусь <@344359878153994241>
<243749885294280704>[Tomori|436630342821216256]
<243749885294280704>[Shark1ns|201666361926221824]rfrjq
<243749885294280704>[Shark1ns|201666361926221824]какой у него префикс?
<243749885294280704>[RaZ_Do_oR|344359878153994241]кусь
<243749885294280704>[Shark1ns|201666361926221824]всм..
<243749885294280704>[Shark1ns|201666361926221824]кусь <@344359878153994241>
<243749885294280704>[Shark1ns|201666361926221824]<:35063:361407470637285376>
<243749885294280704>[RaZ_Do_oR|344359878153994241]А
<243749885294280704>[RaZ_Do_oR|344359878153994241]Только на меня работает
<243749885294280704>[Shark1ns|201666361926221824]<a:REEE:423409840698818560>
<243749885294280704>[Shark1ns|201666361926221824]<a:thysautistic:406532031460278272>
<243749885294280704>[RaZ_Do_oR|344359878153994241]Потому что роль такая хд
<243749885294280704>[Shark1ns|201666361926221824]<:hideri:413826207612928001>
<243749885294280704>[RaZ_Do_oR|344359878153994241]кусь <@201666361926221824>
<243749885294280704>[Tomori|436630342821216256]
<243749885294280704>[RaZ_Do_oR|344359878153994241]🌚
<243749885294280704>[Shark1ns|201666361926221824]я тоже хотеть кусь :с
<243749885294280704>[RaZ_Do_oR|344359878153994241]:с
<243749885294280704>[RaZ_Do_oR|344359878153994241]<sex <@201666361926221824>
<243749885294280704>[RaZ_Do_oR|344359878153994241]Oi
<243749885294280704>[RaZ_Do_oR|344359878153994241]<kiss <@201666361926221824>
<243749885294280704>[Miki|160105994217586689]
<243749885294280704>[RaZ_Do_oR|344359878153994241]Pochemu tut net sexa
<243749885294280704>[Shark1ns|201666361926221824]<:LUL:406055146339172352>
<243749885294280704>[RaZ_Do_oR|344359878153994241]Kak v CCCR
<243749885294280704>[RaZ_Do_oR|344359878153994241]Ещё тут мата нет
<243749885294280704>[RaZ_Do_oR|344359878153994241]:с
<243749885294280704>[RaZ_Do_oR|344359878153994241]Хуй
---------[command]:!sukablyat
<243749885294280704>[RaZ_Do_oR|344359878153994241]Пиздец
---------[command]:!sukablyat
<243749885294280704>[RaZ_Do_oR|344359878153994241]Хуйня
---------[command]:!sukablyat
<243749885294280704>[RaZ_Do_oR|344359878153994241]Хуйняполная
<243749885294280704>[RaZ_Do_oR|344359878153994241]<@201666361926221824> В 23:30 по московскому времени планируется "Своя игра" на аниме тематику. Ждем всех желающих. Для регистрации пишите команду ">reg" в <#432955061849817088>. Вы получите специальную роль, открывающую доступ к чатам категории 👾 Events 👾, где проходят все ивенты. Победитель награждается ролью <@&435174451491897355> и печенюхами от местного бота.

@everyone
<243749885294280704>[RaZ_Do_oR|344359878153994241]Ой
<243749885294280704>[RaZ_Do_oR|344359878153994241]Евриван
<243749885294280704>[RaZ_Do_oR|344359878153994241]Простите
<243749885294280704>[Shark1ns|201666361926221824]<a:angeryping:423409840887693313>
<243749885294280704>[RaZ_Do_oR|344359878153994241]<@201666361926221824> :с я больше не буду
<243749885294280704>[ϻιѕȶɘrιø〰|397757028069539843]Почему у меня так не щевелится
<243749885294280704>[ϻιѕȶɘrιø〰|397757028069539843]<:GWnoneAngryPing:431490193779064847>
<243749885294280704>[RaZ_Do_oR|344359878153994241]Ты без нитро :с
<243749885294280704>[RaZ_Do_oR|344359878153994241]Как и я :с
<243749885294280704>[ϻιѕȶɘrιø〰|397757028069539843]<:Pepe:433579561440247808>
<243749885294280704>[ϻιѕȶɘrιø〰|397757028069539843]<:BibleRem:431490192927621132> <:BibleRem:431490192927621132> <:BibleRem:431490192927621132> <:BibleRem:431490192927621132> <:BibleRem:431490192927621132>
<243749885294280704>[RaZ_Do_oR|344359878153994241]<hug <@397757028069539843>
<243749885294280704>[Miki|160105994217586689]
<243749885294280704>[ϻιѕȶɘrιø〰|397757028069539843]<hug  <@344359878153994241>
<243749885294280704>[Miki|160105994217586689]
<243749885294280704>[RaZ_Do_oR|344359878153994241]Owww
<243749885294280704>[ϻιѕȶɘrιø〰|397757028069539843]Nyan
<243749885294280704>[RaZ_Do_oR|344359878153994241]<kiss <@397757028069539843>
<243749885294280704>[Miki|160105994217586689]
<243749885294280704>[ϻιѕȶɘrιø〰|397757028069539843]*mrrr*
<243749885294280704>[RaZ_Do_oR|344359878153994241]_meo_
<243749885294280704>[RaZ_Do_oR|344359878153994241]Ehhh
<243749885294280704>[RaZ_Do_oR|344359878153994241]Пойду погамаю
<243749885294280704>[ϻιѕȶɘrιø〰|397757028069539843]Meow <@344359878153994241>
<243749885294280704>[Shark1ns|201666361926221824]<a:angeryping:423409840887693313>
<243749885294280704>[ϻιѕȶɘrιø〰|397757028069539843]Ахахаха
<243749885294280704>[ϻιѕȶɘrιø〰|397757028069539843]Читай читай
<243749885294280704>[ϻιѕȶɘrιø〰|397757028069539843]@everyone где же вы?
<243749885294280704>[Shark1ns|201666361926221824]<:LUL:406055146339172352>
<243749885294280704>[Unknown [...]|316287332779163648]<@397757028069539843>  хз
<243749885294280704>[ϻιѕȶɘrιø〰|397757028069539843]<@316287332779163648> надо пойти поискать вас
<243749885294280704>[ϻιѕȶɘrιø〰|397757028069539843]@everyone ну кидайтееее<:AquaCry:431490193758093352>
---------[command]:daily_cookie
<243749885294280704>[Shark1ns|201666361926221824]
<243749885294280704>[Shark1ns|201666361926221824]<@397757028069539843> еще?)
<243749885294280704>[ϻιѕȶɘrιø〰|397757028069539843]Бл, ну не это же
<243749885294280704>[ϻιѕȶɘrιø〰|397757028069539843]
<243749885294280704>[Shark1ns|201666361926221824]
<243749885294280704>[ϻιѕȶɘrιø〰|397757028069539843]Оо даа @everyone
<243749885294280704>[Shark1ns|201666361926221824]<a:angeryping:423409840887693313>
<243749885294280704>[Unknown [...]|316287332779163648]Пожалуйста непишы everyone
<243749885294280704>[ϻιѕȶɘrιø〰|397757028069539843]<@316287332779163648> почему <:SataniaSmugger:433580083173785601>
<243749885294280704>[Unknown [...]|316287332779163648]Ты линкуешь всех людей на сервере 
И ты линкуешь не раз в день а чаще чем 1 раз в 30 мин бесит
---------[command]:ϻιѕȶɘrιø〰#1660 leave
<243749885294280704>[Miki|160105994217586689]Прощай, <@!397757028069539843>, будем ждать тебя в гости снова! <:BibleRem:431490192927621132>
<243749885294280704>[Tomori|436630342821216256]Прощай, <@397757028069539843>, будем ждать тебя в гости снова! :BibleRem:
---------[command]:daily_cookie
---------[command]:daily_cookie
---------[command]:daily_cookie
<243749885294280704>[Shark1ns|201666361926221824]<daily
<243749885294280704>[Miki|160105994217586689]
<243749885294280704>[Shark1ns|201666361926221824]>daily
---------[command]:!daily
<243749885294280704>[Tomori|436630342821216256]<@201666361926221824>, держи 100:cookie:!
<243749885294280704>[Shark1ns|201666361926221824]>fp 10
<243749885294280704>[Shark1ns|201666361926221824]>roll 10
---------[command]:!roll
<243749885294280704>[Tomori|436630342821216256]<@201666361926221824>, ты выиграл 10:cookie:
<243749885294280704>[RaZ_Do_oR|344359878153994241]<daily
<243749885294280704>[Miki|160105994217586689]
<243749885294280704>[RaZ_Do_oR|344359878153994241]!daily
<243749885294280704>[RaZ_Do_oR|344359878153994241]>daily
---------[command]:!daily
<243749885294280704>[Tomori|436630342821216256]<@344359878153994241>, держи 100:cookie:!
---------[command]:daily_cookie
<243749885294280704>[✨ Soya Jones ✨|175571075931963393]!daily
<243749885294280704>[✨ Soya Jones ✨|175571075931963393]>daily
---------[command]:!daily
<243749885294280704>[Tomori|436630342821216256]<@175571075931963393>, держи 100:cookie:!
<243749885294280704>[✨ Soya Jones ✨|175571075931963393]>daily
---------[command]:!daily
<243749885294280704>[Tomori|436630342821216256]<@175571075931963393>, вы уже получили печенюхи)---------[command]:daily_cookie
1)priva 43405672936216985
2)bot-command 43326759093744436
3)??--игруля--? 43295506184981708
4)заказ 43257380433035264
5)викторин 43516469450493132
6)pineapple-coockie-lo 4356877975593943
------
mat_list is ready.
------
Logged in as
Tomori
436630342821216256
------
<243749885294280704>[Ананасовая Печенюха|282660110545846272]>ping
---------[command]:!ping
<243749885294280704>[Tomori|436630342821216256]:sparkles:Туточки:sparkles:
<429211434128506880>[[sh]|265474107666202634]Забей
<243749885294280704>[Ананасовая Печенюха|282660110545846272]>ping
---------[command]:!ping
<429211434128506880>[[sh]|265474107666202634]крч
<243749885294280704>[Tomori|436630342821216256]:sparkles:Туточки:sparkles:
<243749885294280704>[Ананасовая Печенюха|282660110545846272]>daily
---------[command]:!daily
<243749885294280704>[Tomori|436630342821216256]<@282660110545846272>, держи 100:cookie:!
<429211434128506880>[Ананасовая Печенюха|282660110545846272]я настроил
<429211434128506880>[Ананасовая Печенюха|282660110545846272]работу на сервере в фоне
<429211434128506880>[Ананасовая Печенюха|282660110545846272]ура
<429211434128506880>[[sh]|265474107666202634])
<429211434128506880>[Ананасовая Печенюха|282660110545846272]ура блять
<429211434128506880>[Ананасовая Печенюха|282660110545846272]ща даже провод выдернул из ноута для надежности. Если он заработает, это пиздец успех будет
<429211434128506880>[Ананасовая Печенюха|282660110545846272]>ping
---------[command]:!ping
<429211434128506880>[Tomori|436630342821216256]:sparkles:Туточки:sparkles:
<429211434128506880>[Ананасовая Печенюха|282660110545846272]ебать
<429211434128506880>[Ананасовая Печенюха|282660110545846272]рили
<429211434128506880>[Ананасовая Печенюха|282660110545846272]наконец-то
<429211434128506880>[Ананасовая Печенюха|282660110545846272]все
<429211434128506880>[Ананасовая Печенюха|282660110545846272]могу даже твоего ебануть
<429211434128506880>[Ананасовая Печенюха|282660110545846272]сюда же
<243749885294280704>[Ананасовая Печенюха|282660110545846272]>ping
---------[command]:!ping
<243749885294280704>[Tomori|436630342821216256]:sparkles:Туточки:sparkles:
<243749885294280704>[Ананасовая Печенюха|282660110545846272]>rank
---------[command]:!rank
<243749885294280704>[Tomori|436630342821216256]
<243749885294280704>[Ананасовая Печенюха|282660110545846272]da suka
<243749885294280704>[Ананасовая Печенюха|282660110545846272]так
<243749885294280704>[Ананасовая Печенюха|282660110545846272]я ща уезжаю
<243749885294280704>[Ананасовая Печенюха|282660110545846272]сало коптить
<243749885294280704>[Ананасовая Печенюха|282660110545846272]до вечера подумаю над реализацией
<243749885294280704>[Ананасовая Печенюха|282660110545846272]и по коду
<243749885294280704>[Ананасовая Печенюха|282660110545846272]чтоб вечером уже просто написать
<243749885294280704>[Ананасовая Печенюха|282660110545846272]А для этого серва потом примерно по той же схеме, только намного проще сделаю и сам уже найду пикчи для них
<243749885294280704>[Ананасовая Печенюха|282660110545846272]>rank
---------[command]:!rank
<243749885294280704>[Tomori|436630342821216256]
<243749885294280704>[Ананасовая Печенюха|282660110545846272]да сука
<243749885294280704>[Ананасовая Печенюха|282660110545846272]позже будет
<243749885294280704>[Ананасовая Печенюха|282660110545846272]вечером фиксы)
<243749885294280704>[Ананасовая Печенюха|282660110545846272]фиксики вечером
---------[command]:Aniharu Myoko#6324 leave
<243749885294280704>[Miki|160105994217586689]Прощай, <@!281175999276646400>, будем ждать тебя в гости снова! <:BibleRem:431490192927621132>
<243749885294280704>[Tomori|436630342821216256]Прощай, <@281175999276646400>, будем ждать тебя в гости снова! :BibleRem:
<429211434128506880>[[sh]|265474107666202634]
<429211434128506880>[[sh]|265474107666202634]Мама я в эфире)
---------[command]:daily_cookie
<429211434128506880>[Ананасовая Печенюха|282660110545846272]Лул
---------[command]:daily_cookie
<243749885294280704>[✨ Soya Jones ✨|175571075931963393]Ого
<243749885294280704>[✨ Soya Jones ✨|175571075931963393]>rep <@282660110545846272> 3
<243749885294280704>[✨ Soya Jones ✨|175571075931963393]<rep <@282660110545846272> 3
<243749885294280704>[Miki|160105994217586689]
<243749885294280704>[DiaZ [AniLibria.TV]|244443703979016193]Хера себе
<243749885294280704>[DiaZ [AniLibria.TV]|244443703979016193]Я че
<243749885294280704>[DiaZ [AniLibria.TV]|244443703979016193]Самый молодой что ли?
<243749885294280704>[lolichka|291560679293583360]<rep <@175571075931963393> 3
<243749885294280704>[Miki|160105994217586689]
<243749885294280704>[RaZ_Do_oR|344359878153994241]Почти
<243749885294280704>[Ананасовая Печенюха|282660110545846272]<rep <@175571075931963393> 3
<243749885294280704>[Miki|160105994217586689]
<243749885294280704>[Мишка-Мимимишка|432879426066317322]<rep <@175571075931963393> 3
<243749885294280704>[Miki|160105994217586689]
<243749885294280704>[Мишка-Мимимишка|432879426066317322]<daily
<243749885294280704>[Miki|160105994217586689]
<243749885294280704>[Ананасовая Печенюха|282660110545846272]<rep
<243749885294280704>[Miki|160105994217586689]
<243749885294280704>[Ананасовая Печенюха|282660110545846272]ping <@175571075931963393>
<429211434128506880>[Ананасовая Печенюха|282660110545846272]ping <@265474107666202634>
<243749885294280704>[Ананасовая Печенюха|282660110545846272]ping <@344359878153994241>
<243749885294280704>[Ананасовая Печенюха|282660110545846272]<@344359878153994241> на пинг надо отвечать - pong <@282660110545846272>
---------[command]:daily_cookie
<243749885294280704>[Ананасовая Печенюха|282660110545846272]так блен
<243749885294280704>[Ананасовая Печенюха|282660110545846272]сегодня своя игра
<243749885294280704>[Ананасовая Печенюха|282660110545846272]снова
<243749885294280704>[Ананасовая Печенюха|282660110545846272]В 21:00 по московскому времени БУДЕТ ПРОХОДИТЬ ивент - "Своя игра" - на аниме тематику. Ждем всех желающих. Для регистрации пишите команду ">reg" в <#432955061849817088>. Вы получите специальную роль, открывающую доступ к чатам категории 👾 Events 👾, где проходят все ивенты. Победитель награждается ролью @👑 Король Ивента 👑 и печенюхами от местного бота.

@everyone
<243749885294280704>[Ананасовая Печенюха|282660110545846272]>event
---------[command]:!event
<243749885294280704>[Shark1ns|201666361926221824]>reg
---------[command]:!reg
<243749885294280704>[Tomori|436630342821216256]<@201666361926221824>, зарегистрирован.
<243749885294280704>[Shark1ns|201666361926221824]cyjdf
<243749885294280704>[Shark1ns|201666361926221824]снова..1)priva 43405672936216985
2)bot-command 43326759093744436
3)??--игруля--? 43295506184981708
4)заказ 43257380433035264
5)викторин 43516469450493132
6)pineapple-coockie-lo 4356877975593943
------
mat_list is ready.
------
---------[command]:daily_cookie
---------[command]:random_cookie Makarovna 415467062622683157
Logged in as
Tomori
436630342821216256
------
<243749885294280704>[Tomori|436630342821216256]
<243749885294280704>[Unknown [...]|316287332779163648]<@282660110545846272>  ну типо от дорогих к дешовым
---------[command]:Ретро Паладин#7713 join
<243749885294280704>[Tomori|436630342821216256]Приветствую <@408285695808110592>, мой дорогой друг. Располагайся по-уютнее. ╰(´︶`)╯♡
<243749885294280704>[Ананасовая Печенюха|282660110545846272]<2d
<243749885294280704>[✨ Soya Jones ✨|175571075931963393]>daily
---------[command]:!daily
<243749885294280704>[Tomori|436630342821216256]<@175571075931963393>, держи 100:cookie:!
<243749885294280704>[Unknown [...]|316287332779163648]rep <@175571075931963393>  3
<243749885294280704>[Ананасовая Печенюха|282660110545846272]>2d
---------[command]:!2d
<243749885294280704>[✨ Soya Jones ✨|175571075931963393]<
1)priva 43405672936216985
2)bot-command 43326759093744436
3)??--игруля--? 43295506184981708
4)заказ 43257380433035264
5)викторин 43516469450493132
6)pineapple-coockie-lo 4356877975593943
------
1)175571075931963393
mat_list is ready.
------
<243749885294280704>[Tomori|436630342821216256]
<243749885294280704>[Ананасовая Печенюха|282660110545846272]завтра
<243749885294280704>[Ананасовая Печенюха|282660110545846272]сделаю
<243749885294280704>[Ананасовая Печенюха|282660110545846272]я хотел
<243749885294280704>[Ананасовая Печенюха|282660110545846272]>2d 2
---------[command]:!2d
1)priva 43405672936216985
2)bot-command 43326759093744436
3)??--игруля--? 43295506184981708
4)заказ 43257380433035264
5)викторин 43516469450493132
6)pineapple-coockie-lo 4356877975593943
------
1)175571075931963393
mat_list is ready.
------
<243749885294280704>[✨ Soya Jones ✨|175571075931963393]<
<243749885294280704>[Tomori|436630342821216256]
<243749885294280704>[Ананасовая Печенюха|282660110545846272])))))
<243749885294280704>[Ананасовая Печенюха|282660110545846272]>2d
---------[command]:!2d
1)priva 43405672936216985
2)bot-command 43326759093744436
3)??--игруля--? 43295506184981708
4)заказ 43257380433035264
5)викторин 43516469450493132
6)pineapple-coockie-lo 4356877975593943
------
1)175571075931963393
mat_list is ready.
------
<243749885294280704>[Tomori|436630342821216256]
<243749885294280704>[Ананасовая Печенюха|282660110545846272]Это не я
<243749885294280704>[✨ Soya Jones ✨|175571075931963393]<rep
<243749885294280704>[Miki|160105994217586689]
<243749885294280704>[Ананасовая Печенюха|282660110545846272]))))
<243749885294280704>[Ананасовая Печенюха|282660110545846272]<rep
<243749885294280704>[Miki|160105994217586689]
<243749885294280704>[Unknown [...]|316287332779163648]<rep <@175571075931963393>   3
<243749885294280704>[Miki|160105994217586689]
<243749885294280704>[Ананасовая Печенюха|282660110545846272]>me
---------[command]:!cookie
<243749885294280704>[Tomori|436630342821216256]<@282660110545846272>, у тебя 2271:cookie:!
<243749885294280704>[Unknown [...]|316287332779163648]>2d
---------[command]:!2d
1)priva 43405672936216985
2)bot-command 43326759093744436
3)??--игруля--? 43295506184981708
4)заказ 43257380433035264
5)викторин 43516469450493132
6)pineapple-coockie-lo 4356877975593943
------
1)175571075931963393
mat_list is ready.
------
<243749885294280704>[Tomori|436630342821216256]
<429211434128506880>[Ананасовая Печенюха|282660110545846272]>update
---------[command]:!update
1)priva 43405672936216985
2)bot-command 43326759093744436
3)??--игруля--? 43295506184981708
4)заказ 43257380433035264
5)викторин 43516469450493132
6)pineapple-coockie-lo 4356877975593943
------
1)175571075931963393
mat_list is ready.
------
<429211434128506880>[Tomori|436630342821216256]Обновлено из файлов.
<243749885294280704>[Ананасовая Печенюха|282660110545846272]>me
---------[command]:!cookie
<243749885294280704>[Tomori|436630342821216256]<@282660110545846272>, у тебя 170000:cookie:!
<243749885294280704>[Ананасовая Печенюха|282660110545846272]>get2d <@175571075931963393> 100000
---------[command]:!get2d
<243749885294280704>[Tomori|436630342821216256]<@282660110545846272> купил <@175571075931963393> за 100000
<243749885294280704>[Ананасовая Печенюха|282660110545846272]>2d 2
---------[command]:!2d
1)priva 43405672936216985
2)bot-command 43326759093744436
3)??--игруля--? 43295506184981708
4)заказ 43257380433035264
5)викторин 43516469450493132
6)pineapple-coockie-lo 4356877975593943
------
1)175571075931963393
mat_list is ready.
------
<243749885294280704>[Tomori|436630342821216256]
<429211434128506880>[[sh]|265474107666202634]А меня нет
<429211434128506880>[[sh]|265474107666202634]-_-
<429211434128506880>[[sh]|265474107666202634]неплохо
<243749885294280704>[Ананасовая Печенюха|282660110545846272]будет свой бот, будете так же делать)))
<243749885294280704>[Ананасовая Печенюха|282660110545846272]файл исправил, написал команду считывания из файла и все
<243749885294280704>[Unknown [...]|316287332779163648]Yjhv
<243749885294280704>[Unknown [...]|316287332779163648]Норм
<429211434128506880>[Ананасовая Печенюха|282660110545846272]тебя купить?
<429211434128506880>[[sh]|265474107666202634]Просто
<243749885294280704>[Ананасовая Печенюха|282660110545846272]>get2d <@265474107666202634> 66666
---------[command]:!get2d
<243749885294280704>[Tomori|436630342821216256]<@282660110545846272> купил <@265474107666202634> за 66666
<429211434128506880>[[sh]|265474107666202634]соня всех купила
<243749885294280704>[Ананасовая Печенюха|282660110545846272]>2d 2
---------[command]:!2d
1)priva 43405672936216985
2)bot-command 43326759093744436
3)??--игруля--? 43295506184981708
4)заказ 43257380433035264
5)викторин 43516469450493132
6)pineapple-coockie-lo 4356877975593943
------
1)175571075931963393
mat_list is ready.
------
<243749885294280704>[Tomori|436630342821216256]
<429211434128506880>[[sh]|265474107666202634]а я забортом
<429211434128506880>[[sh]|265474107666202634]Thanks
<429211434128506880>[Ананасовая Печенюха|282660110545846272]>update
---------[command]:!update
1)priva 43405672936216985
2)bot-command 43326759093744436
3)??--игруля--? 43295506184981708
4)заказ 43257380433035264
5)викторин 43516469450493132
6)pineapple-coockie-lo 4356877975593943
------
1)175571075931963393
mat_list is ready.
------
<429211434128506880>[Tomori|436630342821216256]Обновлено из файлов.
<429211434128506880>[Ананасовая Печенюха|282660110545846272]>give <@265474107666202634> 100000
---------[command]:!give
<429211434128506880>[Tomori|436630342821216256]<@282660110545846272>, у тебя нет столько:cookie: :(
<429211434128506880>[Ананасовая Печенюха|282660110545846272]>me
---------[command]:!cookie
<429211434128506880>[Tomori|436630342821216256]<@282660110545846272>, у тебя 100000:cookie:!
<429211434128506880>[Ананасовая Печенюха|282660110545846272]>give <@265474107666202634> 100000
---------[command]:!give
<429211434128506880>[Tomori|436630342821216256]<@282660110545846272>, подарил <@265474107666202634> 100000:cookie:
<429211434128506880>[Ананасовая Печенюха|282660110545846272]>me
---------[command]:!cookie
<429211434128506880>[Tomori|436630342821216256]<@282660110545846272>, у тебя 0:cookie:!
<429211434128506880>[Ананасовая Печенюха|282660110545846272]>rank
---------[command]:!rank
<429211434128506880>[Tomori|436630342821216256]
<243749885294280704>[✨ Soya Jones ✨|175571075931963393]<yandere
<429211434128506880>[Ананасовая Печенюха|282660110545846272]>2d 2
---------[command]:!2d
1)priva 43405672936216985
2)bot-command 43326759093744436
3)??--игруля--? 43295506184981708
4)заказ 43257380433035264
5)викторин 43516469450493132
6)pineapple-coockie-lo 4356877975593943
------
1)175571075931963393
mat_list is ready.
------
<243749885294280704>[Miki|160105994217586689]
<429211434128506880>[Tomori|436630342821216256]
<429211434128506880>[Ананасовая Печенюха|282660110545846272]покупай в игруле
<429211434128506880>[Ананасовая Печенюха|282660110545846272]чтоб все видели
<429211434128506880>[Ананасовая Печенюха|282660110545846272]))))
<243749885294280704>[lolichka|291560679293583360]<rep <@175571075931963393> 3
<243749885294280704>[Miki|160105994217586689]
<243749885294280704>[lolichka|291560679293583360]<daily
<243749885294280704>[Miki|160105994217586689]
<243749885294280704>[[sh]|265474107666202634]!roll 100000
<243749885294280704>[lolichka|291560679293583360]>daily
---------[command]:!daily
<243749885294280704>[Tomori|436630342821216256]<@291560679293583360>, держи 100:cookie:!
<243749885294280704>[Ананасовая Печенюха|282660110545846272]Админ король ивента, ахахахаха. что-то тут не чисто))
<243749885294280704>[✨ Soya Jones ✨|175571075931963393]>profile
---------[command]:!profile
<243749885294280704>[Tomori|436630342821216256]
<243749885294280704>[✨ Soya Jones ✨|175571075931963393]<profile
<243749885294280704>[Ананасовая Печенюха|282660110545846272]<@265474107666202634> >
<243749885294280704>[Miki|160105994217586689]
<243749885294280704>[Ананасовая Печенюха|282660110545846272]префикс
<243749885294280704>[[sh]|265474107666202634]>roll 100000
---------[command]:!roll
<243749885294280704>[Tomori|436630342821216256]<@265474107666202634>, ты выиграл 100000:cookie:
<243749885294280704>[Ананасовая Печенюха|282660110545846272]<profile
<243749885294280704>[Miki|160105994217586689]
<243749885294280704>[Unknown [...]|316287332779163648]<profile
<243749885294280704>[Ананасовая Печенюха|282660110545846272]>guildprofile
<243749885294280704>[[sh]|265474107666202634]>help
---------[command]:!help
<243749885294280704>[Tomori|436630342821216256]```css
[Pineapple Cookie help]

<Cookie>
>daily - Получить часовую порцию печенюх.
>cookie / >me - Узнать свой баланс печенюх.
>roll <ставка> - Поставить печенюхи на рулетке.
>flip <ставка> <сторона> - Подбросить печенюху. Стороны - up/u и down/d.
>give <кому> <сколько> - Поделиться печенюхами с другом.
>rank - Посмотреть на обжор.

<Events>
>reg - Регистрация для участия в ивентах. Выдает соответствующую роль.

<Waifu>
>get2d <кто> <цена> - Приобрести или выкупить вайфу.
>give2d <кого> <кому> - Подарить свою вайфу.
>2d - Список вайфу.

<Fun>
>say <текст> - Напишет ваше сообщение.
>stroke <кого> - Погладить кого-то. [20 печенюх]
>fs - Покрутить пальчиками. [15 печенюх]
>hi - Поприветствует всех от вашего имени.
>gm - Охайё, т.е доброе утро)).

<Help>
>help - Вызов этой справки.
>ping - Сомневаешься в том, что он жив???
>report <текст> - Отправить сообщение разработчику. Баги, пожелания, предложения руки и сердца кидать сюда-ня.
```
<243749885294280704>[Miki|160105994217586689]
<243749885294280704>[Ананасовая Печенюха|282660110545846272]<guildprofile
<243749885294280704>[Miki|160105994217586689]
<243749885294280704>[[sh]|265474107666202634]>2d
---------[command]:!2d
1)priva 43405672936216985
2)bot-command 43326759093744436
3)??--игруля--? 43295506184981708
4)заказ 43257380433035264
5)викторин 43516469450493132
6)pineapple-coockie-lo 4356877975593943
------
1)175571075931963393
2)291560679293583360
mat_list is ready.
------
<243749885294280704>[Tomori|436630342821216256]
<243749885294280704>[Ананасовая Печенюха|282660110545846272]<guildyweekly
<243749885294280704>[Ананасовая Печенюха|282660110545846272]<guildweekly
<243749885294280704>[Miki|160105994217586689]
<243749885294280704>[[sh]|265474107666202634]>roll 100000
---------[command]:!roll
<243749885294280704>[Tomori|436630342821216256]<@265474107666202634>, ты выиграл 100000:cookie:
<243749885294280704>[[sh]|265474107666202634]>me
---------[command]:!cookie
<243749885294280704>[Tomori|436630342821216256]<@265474107666202634>, у тебя 300061:cookie:!
<243749885294280704>[Ананасовая Печенюха|282660110545846272]>rank
---------[command]:!rank
<243749885294280704>[Tomori|436630342821216256]
<243749885294280704>[[sh]|265474107666202634]>give 61 <@316287332779163648>
---------[command]:!give
<243749885294280704>[Tomori|436630342821216256]Нет такого пользователя :(
<243749885294280704>[Ананасовая Печенюха|282660110545846272]>update
---------[command]:!update
1)priva 43405672936216985
2)bot-command 43326759093744436
3)??--игруля--? 43295506184981708
4)заказ 43257380433035264
5)викторин 43516469450493132
6)pineapple-coockie-lo 4356877975593943
------
1)175571075931963393
2)291560679293583360
mat_list is ready.
------
<243749885294280704>[Tomori|436630342821216256]Обновлено из файлов.
<243749885294280704>[Ананасовая Печенюха|282660110545846272]>rank
---------[command]:!rank
<243749885294280704>[Tomori|436630342821216256]
<243749885294280704>[[sh]|265474107666202634]>give <@282660110545846272> 61
---------[command]:!give
<243749885294280704>[Tomori|436630342821216256]<@265474107666202634>, подарил <@282660110545846272> 61:cookie:
<243749885294280704>[[sh]|265474107666202634]>me
---------[command]:!cookie
<243749885294280704>[Tomori|436630342821216256]<@265474107666202634>, у тебя 300000:cookie:!
<429211434128506880>[Ананасовая Печенюха|282660110545846272]>update
---------[command]:!update
1)priva 43405672936216985
2)bot-command 43326759093744436
3)??--игруля--? 43295506184981708
4)заказ 43257380433035264
5)викторин 43516469450493132
6)pineapple-coockie-lo 4356877975593943
------
1)175571075931963393
2)291560679293583360
mat_list is ready.
------
<429211434128506880>[Tomori|436630342821216256]Обновлено из файлов.
<429211434128506880>[Ананасовая Печенюха|282660110545846272]>rank
---------[command]:!rank
<429211434128506880>[Tomori|436630342821216256]
<243749885294280704>[Unknown [...]|316287332779163648]>daily
---------[command]:!daily
<243749885294280704>[Tomori|436630342821216256]<@316287332779163648>, держи 100:cookie:!
<429211434128506880>[Ананасовая Печенюха|282660110545846272]>rank
---------[command]:!rank
<429211434128506880>[Tomori|436630342821216256]
<243749885294280704>[[sh]|265474107666202634]>get2 <@175571075931963393>  300000
<429211434128506880>[Ананасовая Печенюха|282660110545846272]>update
---------[command]:!update
1)priva 43405672936216985
2)bot-command 43326759093744436
3)??--игруля--? 43295506184981708
4)заказ 43257380433035264
5)викторин 43516469450493132
6)pineapple-coockie-lo 43568779755939431)priva 43405672936216985
2)bot-command 43326759093744436
3)??--игруля--? 43295506184981708
4)заказ 43257380433035264
5)викторин 43516469450493132
6)pineapple-coockie-lo 4356877975593943
------
mat_list is ready.
------
<243749885294280704>[Unknown [...]|316287332779163648]>roll 40
---------[command]:!roll
---------[command]:daily_cookie
---------[command]:random_cookie 😈FINN😈 290466400475152384
Logged in as
Tomori
436630342821216256
------
<243749885294280704>[[sh]|265474107666202634]кхкхккх
<243749885294280704>[Tomori|436630342821216256]
<243749885294280704>[Tomori|436630342821216256]<@316287332779163648>, ты выиграл 40:cookie:
<243749885294280704>[✨ Soya Jones ✨|175571075931963393]>get2d <@316287332779163648> 100000
---------[command]:!get2d
<243749885294280704>[Tomori|436630342821216256]<@175571075931963393> выкупил <@316287332779163648> за 100000
<243749885294280704>[Unknown [...]|316287332779163648]>roll 10
---------[command]:!roll
<243749885294280704>[Tomori|436630342821216256]<@316287332779163648>, ты проиграл 10:cookie:
<243749885294280704>[Unknown [...]|316287332779163648]>roll 20
---------[command]:!roll
<243749885294280704>[Tomori|436630342821216256]<@316287332779163648>, ты выиграл 20:cookie:
<243749885294280704>[Ананасовая Печенюха|282660110545846272]>get2d <@175571075931963393> 1000000
---------[command]:!get2d
<243749885294280704>[Tomori|436630342821216256]<@282660110545846272> выкупил <@175571075931963393> за 1000000
<243749885294280704>[Unknown [...]|316287332779163648]>roll 10
---------[command]:!roll
<243749885294280704>[Tomori|436630342821216256]<@316287332779163648>, ты проиграл 10:cookie:
<243749885294280704>[Ананасовая Печенюха|282660110545846272]>2d 2
---------[command]:!2d
<243749885294280704>[Unknown [...]|316287332779163648]>roll 20
---------[command]:!roll
1)priva 43405672936216985
2)bot-command 43326759093744436
3)??--игруля--? 43295506184981708
4)заказ 43257380433035264
5)викторин 43516469450493132
6)pineapple-coockie-lo 4356877975593943
------
mat_list is ready.
------
<243749885294280704>[[sh]|265474107666202634]ну ок
<243749885294280704>[Tomori|436630342821216256]
<243749885294280704>[Tomori|436630342821216256]<@316287332779163648>, ты выиграл 20:cookie:
<243749885294280704>[Ананасовая Печенюха|282660110545846272]пока
<243749885294280704>[[sh]|265474107666202634]>roll 100000
---------[command]:!roll
<243749885294280704>[Unknown [...]|316287332779163648]>roll 10
---------[command]:!roll
<243749885294280704>[Tomori|436630342821216256]<@265474107666202634>, ты проиграл 100000:cookie:
<243749885294280704>[Ананасовая Печенюха|282660110545846272]я спать
<243749885294280704>[Tomori|436630342821216256]<@316287332779163648>, ты проиграл 10:cookie:
<243749885294280704>[Unknown [...]|316287332779163648]>roll 20
---------[command]:!roll
<243749885294280704>[Tomori|436630342821216256]<@316287332779163648>, ты выиграл 20:cookie:
<243749885294280704>[[sh]|265474107666202634]>roll 100000
---------[command]:!roll
<243749885294280704>[Tomori|436630342821216256]<@265474107666202634>, ты выиграл 100000:cookie:
<243749885294280704>[Ананасовая Печенюха|282660110545846272]МОЕ
<243749885294280704>[[sh]|265474107666202634]>roll 100000
---------[command]:!roll
<243749885294280704>[Tomori|436630342821216256]<@265474107666202634>, ты проиграл 100000:cookie:
<243749885294280704>[Ананасовая Печенюха|282660110545846272]покупайте других
<243749885294280704>[[sh]|265474107666202634]>roll 100000
---------[command]:!roll
<243749885294280704>[Tomori|436630342821216256]<@265474107666202634>, ты выиграл 100000:cookie:
<243749885294280704>[Ананасовая Печенюха|282660110545846272]меня покупайте
<243749885294280704>[Ананасовая Печенюха|282660110545846272]в рабство
<243749885294280704>[[sh]|265474107666202634]>roll 100000
---------[command]:!roll
<243749885294280704>[Tomori|436630342821216256]<@265474107666202634>, ты выиграл 100000:cookie:
<243749885294280704>[Unknown [...]|316287332779163648]!cookie
<243749885294280704>[[sh]|265474107666202634]>roll 100000
---------[command]:!roll
<243749885294280704>[Tomori|436630342821216256]<@265474107666202634>, ты выиграл 100000:cookie:
<243749885294280704>[[sh]|265474107666202634]>me
---------[command]:!cookie
<243749885294280704>[Tomori|436630342821216256]<@265474107666202634>, у тебя 500000:cookie:!
<243749885294280704>[Ананасовая Печенюха|282660110545846272]>me
---------[command]:!cookie
<243749885294280704>[Tomori|436630342821216256]<@282660110545846272>, у тебя 0:cookie:!
<243749885294280704>[Unknown [...]|316287332779163648]>cookie
---------[command]:!cookie
<243749885294280704>[Tomori|436630342821216256]<@316287332779163648>, у тебя 210:cookie:!
<243749885294280704>[Ананасовая Печенюха|282660110545846272]>rank
---------[command]:!rank
<243749885294280704>[Tomori|436630342821216256]
<243749885294280704>[Ананасовая Печенюха|282660110545846272]>2d
---------[command]:!2d
1)priva 43405672936216985
2)bot-command 43326759093744436
3)??--игруля--? 43295506184981708
4)заказ 43257380433035264
5)викторин 43516469450493132
6)pineapple-coockie-lo 4356877975593943
------
mat_list is ready.
------
<243749885294280704>[Tomori|436630342821216256]
<243749885294280704>[[sh]|265474107666202634]k.,k. dnjhjt vtcnj
<243749885294280704>[[sh]|265474107666202634]>roll 100000
---------[command]:!roll
<243749885294280704>[Tomori|436630342821216256]<@265474107666202634>, ты выиграл 100000:cookie:
<243749885294280704>[[sh]|265474107666202634]>roll 100000
---------[command]:!roll
<243749885294280704>[Tomori|436630342821216256]<@265474107666202634>, ты выиграл 100000:cookie:
<243749885294280704>[[sh]|265474107666202634]>roll 100000
---------[command]:!roll
<243749885294280704>[Tomori|436630342821216256]<@265474107666202634>, ты проиграл 100000:cookie:
<243749885294280704>[[sh]|265474107666202634]>roll 100000
---------[command]:!roll
<243749885294280704>[Tomori|436630342821216256]<@265474107666202634>, ты проиграл 100000:cookie:
<243749885294280704>[[sh]|265474107666202634]>roll 100000
---------[command]:!roll
<243749885294280704>[Tomori|436630342821216256]<@265474107666202634>, ты выиграл 100000:cookie:
<243749885294280704>[[sh]|265474107666202634]>roll 100000
---------[command]:!roll
<243749885294280704>[Tomori|436630342821216256]<@265474107666202634>, ты выиграл 100000:cookie:
<243749885294280704>[Unknown [...]|316287332779163648]Дай 100к
<243749885294280704>[[sh]|265474107666202634]>me
---------[command]:!cookie
<243749885294280704>[Tomori|436630342821216256]<@265474107666202634>, у тебя 700000:cookie:!
<243749885294280704>[[sh]|265474107666202634]>roll 100000
---------[command]:!roll
<243749885294280704>[Tomori|436630342821216256]<@265474107666202634>, ты проиграл 100000:cookie:
<243749885294280704>[[sh]|265474107666202634]>roll 100000
---------[command]:!roll
<243749885294280704>[Tomori|436630342821216256]<@265474107666202634>, ты выиграл 100000:cookie:
<243749885294280704>[[sh]|265474107666202634]>roll 100000
---------[command]:!roll
<243749885294280704>[Tomori|436630342821216256]<@265474107666202634>, ты проиграл 100000:cookie:
<243749885294280704>[[sh]|265474107666202634]>roll 200000
---------[command]:!roll
<243749885294280704>[Tomori|436630342821216256]<@265474107666202634>, ты выиграл 200000:cookie:
<243749885294280704>[[sh]|265474107666202634]>roll 100000
---------[command]:!roll
<243749885294280704>[Tomori|436630342821216256]<@265474107666202634>, ты проиграл 100000:cookie:
<243749885294280704>[[sh]|265474107666202634]>roll 200000
---------[command]:!roll
<243749885294280704>[Tomori|436630342821216256]<@265474107666202634>, ты выиграл 200000:cookie: